<?xml version="1.0" encoding="UTF-8"?>
<!-- Generated by org.testng.reporters.JUnitXMLReporter -->
<testsuite ignored="0" hostname="LAPTOP-7CQPOEEU" failures="0" tests="3" name="chrometest" time="12.342" errors="0" timestamp="2024-08-27T18:46:20 IST">
  <testcase classname="testCases.TC01_AccountRegistrationTest" name="verify_account_registeration" time="1.82"/>
  <testcase classname="testCases.TC02_VerifyCheckout" name="verify_checkout" time="0.357"/>
  <testcase classname="testCases.TC03_IphoneCart" name="verify_checkout_Iphone" time="3.808"/>
</testsuite> <!-- chrometest -->
