<?xml version="1.0" encoding="UTF-8"?>
<!-- Generated by org.testng.reporters.JUnitXMLReporter -->
<testsuite ignored="0" hostname="LAPTOP-7CQPOEEU" failures="0" tests="3" name="Test" time="20.704" errors="0" timestamp="2024-08-27T18:24:16 IST">
  <testcase classname="testCases.TC01_AccountRegistrationTest" name="verify_account_registeration" time="1.348"/>
  <testcase classname="testCases.TC02_VerifyCheckout" name="verify_checkout" time="0.324"/>
  <testcase classname="testCases.TC03_IphoneCart" name="verify_checkout_Iphone" time="3.733"/>
</testsuite> <!-- Test -->
